<?xml version="1.0" encoding="UTF-8"?>
<coverage generated="1499668272457" clover="3.2.0">
  <project timestamp="1499668272457" name="All files">
    <metrics statements="3" coveredstatements="3" conditionals="0" coveredconditionals="0" methods="2" coveredmethods="1" elements="5" coveredelements="4" complexity="0" loc="3" ncloc="3" packages="1" files="1" classes="1">
      <file name="index.android.js" path="/Users/seansassenrath/Documents/dev/projects/wine-app/WineApp/index.android.js">
        <metrics statements="3" coveredstatements="3" conditionals="0" coveredconditionals="0" methods="2" coveredmethods="1"/>
        <line num="17" count="1" type="stmt"/>
        <line num="34" count="1" type="stmt"/>
        <line num="53" count="1" type="stmt"/>
      </file>
    </metrics>
  </project>
</coverage>
